Performing C SOURCE FILE Test CMAKE_HAVE_LIBC_PTHREAD failed with the following output:
Change Dir: /work/docker/hw6/hw6_tests/CMakeFiles/CMakeTmp

Run Build Command(s):/usr/bin/make cmTC_89547/fast && /usr/bin/make -f CMakeFiles/cmTC_89547.dir/build.make CMakeFiles/cmTC_89547.dir/build
make[1]: Entering directory '/work/docker/hw6/hw6_tests/CMakeFiles/CMakeTmp'
Building C object CMakeFiles/cmTC_89547.dir/src.c.o
/usr/bin/cc   -DCMAKE_HAVE_LIBC_PTHREAD   -o CMakeFiles/cmTC_89547.dir/src.c.o   -c /work/docker/hw6/hw6_tests/CMakeFiles/CMakeTmp/src.c
Linking C executable cmTC_89547
/usr/bin/cmake -E cmake_link_script CMakeFiles/cmTC_89547.dir/link.txt --verbose=1
/usr/bin/cc  -DCMAKE_HAVE_LIBC_PTHREAD    CMakeFiles/cmTC_89547.dir/src.c.o  -o cmTC_89547 
/usr/bin/ld: CMakeFiles/cmTC_89547.dir/src.c.o: in function `main':
src.c:(.text+0x48): undefined reference to `pthread_create'
/usr/bin/ld: src.c:(.text+0x50): undefined reference to `pthread_detach'
/usr/bin/ld: src.c:(.text+0x5c): undefined reference to `pthread_join'
collect2: error: ld returned 1 exit status
make[1]: *** [CMakeFiles/cmTC_89547.dir/build.make:87: cmTC_89547] Error 1
make[1]: Leaving directory '/work/docker/hw6/hw6_tests/CMakeFiles/CMakeTmp'
make: *** [Makefile:121: cmTC_89547/fast] Error 2


Source file was:
#include <pthread.h>

void* test_func(void* data)
{
  return data;
}

int main(void)
{
  pthread_t thread;
  pthread_create(&thread, NULL, test_func, NULL);
  pthread_detach(thread);
  pthread_join(thread, NULL);
  pthread_atfork(NULL, NULL, NULL);
  pthread_exit(NULL);

  return 0;
}

Determining if the function pthread_create exists in the pthreads failed with the following output:
Change Dir: /work/docker/hw6/hw6_tests/CMakeFiles/CMakeTmp

Run Build Command(s):/usr/bin/make cmTC_90c7b/fast && /usr/bin/make -f CMakeFiles/cmTC_90c7b.dir/build.make CMakeFiles/cmTC_90c7b.dir/build
make[1]: Entering directory '/work/docker/hw6/hw6_tests/CMakeFiles/CMakeTmp'
Building C object CMakeFiles/cmTC_90c7b.dir/CheckFunctionExists.c.o
/usr/bin/cc   -DCHECK_FUNCTION_EXISTS=pthread_create   -o CMakeFiles/cmTC_90c7b.dir/CheckFunctionExists.c.o   -c /usr/share/cmake-3.16/Modules/CheckFunctionExists.c
Linking C executable cmTC_90c7b
/usr/bin/cmake -E cmake_link_script CMakeFiles/cmTC_90c7b.dir/link.txt --verbose=1
/usr/bin/cc  -DCHECK_FUNCTION_EXISTS=pthread_create    CMakeFiles/cmTC_90c7b.dir/CheckFunctionExists.c.o  -o cmTC_90c7b  -lpthreads 
/usr/bin/ld: cannot find -lpthreads
collect2: error: ld returned 1 exit status
make[1]: *** [CMakeFiles/cmTC_90c7b.dir/build.make:87: cmTC_90c7b] Error 1
make[1]: Leaving directory '/work/docker/hw6/hw6_tests/CMakeFiles/CMakeTmp'
make: *** [Makefile:121: cmTC_90c7b/fast] Error 2



Checking whether C++ compiler has '__int64' failed to compile with the following output:
Change Dir: /work/docker/hw6/hw6_tests/testing_utils/kwsys/CMakeFiles/CMakeTmp

Run Build Command(s):/usr/bin/make cmTC_b94aa/fast && /usr/bin/make -f CMakeFiles/cmTC_b94aa.dir/build.make CMakeFiles/cmTC_b94aa.dir/build
make[1]: Entering directory '/work/docker/hw6/hw6_tests/testing_utils/kwsys/CMakeFiles/CMakeTmp'
Building CXX object CMakeFiles/cmTC_b94aa.dir/kwsysPlatformTestsCXX.cxx.o
/usr/bin/c++  -DTEST_KWSYS_CXX_HAS___INT64  -Wall    -o CMakeFiles/cmTC_b94aa.dir/kwsysPlatformTestsCXX.cxx.o -c /work/docker/hw6/hw6_tests/testing_utils/kwsys/kwsysPlatformTestsCXX.cxx
/work/docker/hw6/hw6_tests/testing_utils/kwsys/kwsysPlatformTestsCXX.cxx:24:1: error: '__int64' does not name a type
   24 | __int64 f(__int64 n)
      | ^~~~~~~
/work/docker/hw6/hw6_tests/testing_utils/kwsys/kwsysPlatformTestsCXX.cxx: In function 'int main()':
/work/docker/hw6/hw6_tests/testing_utils/kwsys/kwsysPlatformTestsCXX.cxx:30:3: error: '__int64' was not declared in this scope
   30 |   __int64 n = 0;
      |   ^~~~~~~
/work/docker/hw6/hw6_tests/testing_utils/kwsys/kwsysPlatformTestsCXX.cxx:31:29: error: 'n' was not declared in this scope
   31 |   return static_cast<int>(f(n));
      |                             ^
/work/docker/hw6/hw6_tests/testing_utils/kwsys/kwsysPlatformTestsCXX.cxx:31:27: error: 'f' was not declared in this scope
   31 |   return static_cast<int>(f(n));
      |                           ^
make[1]: *** [CMakeFiles/cmTC_b94aa.dir/build.make:66: CMakeFiles/cmTC_b94aa.dir/kwsysPlatformTestsCXX.cxx.o] Error 1
make[1]: Leaving directory '/work/docker/hw6/hw6_tests/testing_utils/kwsys/CMakeFiles/CMakeTmp'
make: *** [Makefile:121: cmTC_b94aa/fast] Error 2



Checking whether CXX compiler has environ in stdlib.h failed to compile with the following output:
Change Dir: /work/docker/hw6/hw6_tests/testing_utils/kwsys/CMakeFiles/CMakeTmp

Run Build Command(s):/usr/bin/make cmTC_17ee3/fast && /usr/bin/make -f CMakeFiles/cmTC_17ee3.dir/build.make CMakeFiles/cmTC_17ee3.dir/build
make[1]: Entering directory '/work/docker/hw6/hw6_tests/testing_utils/kwsys/CMakeFiles/CMakeTmp'
Building CXX object CMakeFiles/cmTC_17ee3.dir/kwsysPlatformTestsCXX.cxx.o
/usr/bin/c++  -DTEST_KWSYS_CXX_HAS_ENVIRON_IN_STDLIB_H  -Wall    -o CMakeFiles/cmTC_17ee3.dir/kwsysPlatformTestsCXX.cxx.o -c /work/docker/hw6/hw6_tests/testing_utils/kwsys/kwsysPlatformTestsCXX.cxx
/work/docker/hw6/hw6_tests/testing_utils/kwsys/kwsysPlatformTestsCXX.cxx: In function 'int main()':
/work/docker/hw6/hw6_tests/testing_utils/kwsys/kwsysPlatformTestsCXX.cxx:196:13: error: 'environ' was not declared in this scope; did you mean 'union'?
  196 |   char* e = environ[0];
      |             ^~~~~~~
      |             union
make[1]: *** [CMakeFiles/cmTC_17ee3.dir/build.make:66: CMakeFiles/cmTC_17ee3.dir/kwsysPlatformTestsCXX.cxx.o] Error 1
make[1]: Leaving directory '/work/docker/hw6/hw6_tests/testing_utils/kwsys/CMakeFiles/CMakeTmp'
make: *** [Makefile:121: cmTC_17ee3/fast] Error 2



Checking whether CXX compiler struct stat has st_mtimespec member failed to compile with the following output:
Change Dir: /work/docker/hw6/hw6_tests/testing_utils/kwsys/CMakeFiles/CMakeTmp

Run Build Command(s):/usr/bin/make cmTC_2278d/fast && /usr/bin/make -f CMakeFiles/cmTC_2278d.dir/build.make CMakeFiles/cmTC_2278d.dir/build
make[1]: Entering directory '/work/docker/hw6/hw6_tests/testing_utils/kwsys/CMakeFiles/CMakeTmp'
Building CXX object CMakeFiles/cmTC_2278d.dir/kwsysPlatformTestsCXX.cxx.o
/usr/bin/c++  -DTEST_KWSYS_CXX_STAT_HAS_ST_MTIMESPEC  -Wall    -o CMakeFiles/cmTC_2278d.dir/kwsysPlatformTestsCXX.cxx.o -c /work/docker/hw6/hw6_tests/testing_utils/kwsys/kwsysPlatformTestsCXX.cxx
/work/docker/hw6/hw6_tests/testing_utils/kwsys/kwsysPlatformTestsCXX.cxx: In function 'int main()':
/work/docker/hw6/hw6_tests/testing_utils/kwsys/kwsysPlatformTestsCXX.cxx:57:15: error: 'struct stat' has no member named 'st_mtimespec'
   57 |   (void)stat1.st_mtimespec.tv_sec;
      |               ^~~~~~~~~~~~
/work/docker/hw6/hw6_tests/testing_utils/kwsys/kwsysPlatformTestsCXX.cxx:58:15: error: 'struct stat' has no member named 'st_mtimespec'
   58 |   (void)stat1.st_mtimespec.tv_nsec;
      |               ^~~~~~~~~~~~
make[1]: *** [CMakeFiles/cmTC_2278d.dir/build.make:66: CMakeFiles/cmTC_2278d.dir/kwsysPlatformTestsCXX.cxx.o] Error 1
make[1]: Leaving directory '/work/docker/hw6/hw6_tests/testing_utils/kwsys/CMakeFiles/CMakeTmp'
make: *** [Makefile:121: cmTC_2278d/fast] Error 2



Determining if the pthread_create exist failed with the following output:
Change Dir: /home/codio/workspace/hw6/hw6_tests/CMakeFiles/CMakeTmp

Run Build Command:"/usr/bin/make" "cmTC_47646/fast"
/usr/bin/make -f CMakeFiles/cmTC_47646.dir/build.make CMakeFiles/cmTC_47646.dir/build
make[1]: Entering directory '/home/codio/workspace/hw6/hw6_tests/CMakeFiles/CMakeTmp'
Building C object CMakeFiles/cmTC_47646.dir/CheckSymbolExists.c.o
/usr/bin/cc    -o CMakeFiles/cmTC_47646.dir/CheckSymbolExists.c.o   -c /home/codio/workspace/hw6/hw6_tests/CMakeFiles/CMakeTmp/CheckSymbolExists.c
Linking C executable cmTC_47646
/usr/bin/cmake -E cmake_link_script CMakeFiles/cmTC_47646.dir/link.txt --verbose=1
/usr/bin/cc      CMakeFiles/cmTC_47646.dir/CheckSymbolExists.c.o  -o cmTC_47646 
CMakeFiles/cmTC_47646.dir/CheckSymbolExists.c.o: In function `main':
CheckSymbolExists.c:(.text+0x1b): undefined reference to `pthread_create'
collect2: error: ld returned 1 exit status
CMakeFiles/cmTC_47646.dir/build.make:97: recipe for target 'cmTC_47646' failed
make[1]: *** [cmTC_47646] Error 1
make[1]: Leaving directory '/home/codio/workspace/hw6/hw6_tests/CMakeFiles/CMakeTmp'
Makefile:126: recipe for target 'cmTC_47646/fast' failed
make: *** [cmTC_47646/fast] Error 2

File /home/codio/workspace/hw6/hw6_tests/CMakeFiles/CMakeTmp/CheckSymbolExists.c:
/* */
#include <pthread.h>

int main(int argc, char** argv)
{
  (void)argv;
#ifndef pthread_create
  return ((int*)(&pthread_create))[argc];
#else
  (void)argc;
  return 0;
#endif
}

Determining if the function pthread_create exists in the pthreads failed with the following output:
Change Dir: /home/codio/workspace/hw6/hw6_tests/CMakeFiles/CMakeTmp

Run Build Command:"/usr/bin/make" "cmTC_26153/fast"
/usr/bin/make -f CMakeFiles/cmTC_26153.dir/build.make CMakeFiles/cmTC_26153.dir/build
make[1]: Entering directory '/home/codio/workspace/hw6/hw6_tests/CMakeFiles/CMakeTmp'
Building C object CMakeFiles/cmTC_26153.dir/CheckFunctionExists.c.o
/usr/bin/cc   -DCHECK_FUNCTION_EXISTS=pthread_create   -o CMakeFiles/cmTC_26153.dir/CheckFunctionExists.c.o   -c /usr/share/cmake-3.10/Modules/CheckFunctionExists.c
Linking C executable cmTC_26153
/usr/bin/cmake -E cmake_link_script CMakeFiles/cmTC_26153.dir/link.txt --verbose=1
/usr/bin/cc  -DCHECK_FUNCTION_EXISTS=pthread_create    CMakeFiles/cmTC_26153.dir/CheckFunctionExists.c.o  -o cmTC_26153 -lpthreads 
/usr/bin/ld: cannot find -lpthreads
collect2: error: ld returned 1 exit status
CMakeFiles/cmTC_26153.dir/build.make:97: recipe for target 'cmTC_26153' failed
make[1]: *** [cmTC_26153] Error 1
make[1]: Leaving directory '/home/codio/workspace/hw6/hw6_tests/CMakeFiles/CMakeTmp'
Makefile:126: recipe for target 'cmTC_26153/fast' failed
make: *** [cmTC_26153/fast] Error 2


Checking whether C++ compiler has '__int64' failed to compile with the following output:
Change Dir: /home/codio/workspace/hw6/hw6_tests/testing_utils/kwsys/CMakeFiles/CMakeTmp

Run Build Command:"/usr/bin/make" "cmTC_3e152/fast"
/usr/bin/make -f CMakeFiles/cmTC_3e152.dir/build.make CMakeFiles/cmTC_3e152.dir/build
make[1]: Entering directory '/home/codio/workspace/hw6/hw6_tests/testing_utils/kwsys/CMakeFiles/CMakeTmp'
Building CXX object CMakeFiles/cmTC_3e152.dir/kwsysPlatformTestsCXX.cxx.o
/usr/bin/c++  -DTEST_KWSYS_CXX_HAS___INT64  -Wall    -o CMakeFiles/cmTC_3e152.dir/kwsysPlatformTestsCXX.cxx.o -c /home/codio/workspace/hw6/hw6_tests/testing_utils/kwsys/kwsysPlatformTestsCXX.cxx
/home/codio/workspace/hw6/hw6_tests/testing_utils/kwsys/kwsysPlatformTestsCXX.cxx:24:1: error: ‘__int64’ does not name a type; did you mean ‘__amd64’?
 __int64 f(__int64 n)
 ^~~~~~~
 __amd64
/home/codio/workspace/hw6/hw6_tests/testing_utils/kwsys/kwsysPlatformTestsCXX.cxx: In function ‘int main()’:
/home/codio/workspace/hw6/hw6_tests/testing_utils/kwsys/kwsysPlatformTestsCXX.cxx:30:3: error: ‘__int64’ was not declared in this scope
   __int64 n = 0;
   ^~~~~~~
/home/codio/workspace/hw6/hw6_tests/testing_utils/kwsys/kwsysPlatformTestsCXX.cxx:30:3: note: suggested alternative: ‘__amd64’
   __int64 n = 0;
   ^~~~~~~
   __amd64
/home/codio/workspace/hw6/hw6_tests/testing_utils/kwsys/kwsysPlatformTestsCXX.cxx:31:29: error: ‘n’ was not declared in this scope
   return static_cast<int>(f(n));
                             ^
/home/codio/workspace/hw6/hw6_tests/testing_utils/kwsys/kwsysPlatformTestsCXX.cxx:31:27: error: ‘f’ was not declared in this scope
   return static_cast<int>(f(n));
                           ^
CMakeFiles/cmTC_3e152.dir/build.make:65: recipe for target 'CMakeFiles/cmTC_3e152.dir/kwsysPlatformTestsCXX.cxx.o' failed
make[1]: *** [CMakeFiles/cmTC_3e152.dir/kwsysPlatformTestsCXX.cxx.o] Error 1
make[1]: Leaving directory '/home/codio/workspace/hw6/hw6_tests/testing_utils/kwsys/CMakeFiles/CMakeTmp'
Makefile:126: recipe for target 'cmTC_3e152/fast' failed
make: *** [cmTC_3e152/fast] Error 2


Checking whether CXX compiler has environ in stdlib.h failed to compile with the following output:
Change Dir: /home/codio/workspace/hw6/hw6_tests/testing_utils/kwsys/CMakeFiles/CMakeTmp

Run Build Command:"/usr/bin/make" "cmTC_c97c7/fast"
/usr/bin/make -f CMakeFiles/cmTC_c97c7.dir/build.make CMakeFiles/cmTC_c97c7.dir/build
make[1]: Entering directory '/home/codio/workspace/hw6/hw6_tests/testing_utils/kwsys/CMakeFiles/CMakeTmp'
Building CXX object CMakeFiles/cmTC_c97c7.dir/kwsysPlatformTestsCXX.cxx.o
/usr/bin/c++  -DTEST_KWSYS_CXX_HAS_ENVIRON_IN_STDLIB_H  -Wall    -o CMakeFiles/cmTC_c97c7.dir/kwsysPlatformTestsCXX.cxx.o -c /home/codio/workspace/hw6/hw6_tests/testing_utils/kwsys/kwsysPlatformTestsCXX.cxx
/home/codio/workspace/hw6/hw6_tests/testing_utils/kwsys/kwsysPlatformTestsCXX.cxx: In function ‘int main()’:
/home/codio/workspace/hw6/hw6_tests/testing_utils/kwsys/kwsysPlatformTestsCXX.cxx:196:13: error: ‘environ’ was not declared in this scope
   char* e = environ[0];
             ^~~~~~~
/home/codio/workspace/hw6/hw6_tests/testing_utils/kwsys/kwsysPlatformTestsCXX.cxx:196:13: note: suggested alternative: ‘union’
   char* e = environ[0];
             ^~~~~~~
             union
CMakeFiles/cmTC_c97c7.dir/build.make:65: recipe for target 'CMakeFiles/cmTC_c97c7.dir/kwsysPlatformTestsCXX.cxx.o' failed
make[1]: *** [CMakeFiles/cmTC_c97c7.dir/kwsysPlatformTestsCXX.cxx.o] Error 1
make[1]: Leaving directory '/home/codio/workspace/hw6/hw6_tests/testing_utils/kwsys/CMakeFiles/CMakeTmp'
Makefile:126: recipe for target 'cmTC_c97c7/fast' failed
make: *** [cmTC_c97c7/fast] Error 2


Checking whether CXX compiler struct stat has st_mtimespec member failed to compile with the following output:
Change Dir: /home/codio/workspace/hw6/hw6_tests/testing_utils/kwsys/CMakeFiles/CMakeTmp

Run Build Command:"/usr/bin/make" "cmTC_4376f/fast"
/usr/bin/make -f CMakeFiles/cmTC_4376f.dir/build.make CMakeFiles/cmTC_4376f.dir/build
make[1]: Entering directory '/home/codio/workspace/hw6/hw6_tests/testing_utils/kwsys/CMakeFiles/CMakeTmp'
Building CXX object CMakeFiles/cmTC_4376f.dir/kwsysPlatformTestsCXX.cxx.o
/usr/bin/c++  -DTEST_KWSYS_CXX_STAT_HAS_ST_MTIMESPEC  -Wall    -o CMakeFiles/cmTC_4376f.dir/kwsysPlatformTestsCXX.cxx.o -c /home/codio/workspace/hw6/hw6_tests/testing_utils/kwsys/kwsysPlatformTestsCXX.cxx
/home/codio/workspace/hw6/hw6_tests/testing_utils/kwsys/kwsysPlatformTestsCXX.cxx: In function ‘int main()’:
/home/codio/workspace/hw6/hw6_tests/testing_utils/kwsys/kwsysPlatformTestsCXX.cxx:57:15: error: ‘struct stat’ has no member named ‘st_mtimespec’; did you mean ‘st_mtim’?
   (void)stat1.st_mtimespec.tv_sec;
               ^~~~~~~~~~~~
               st_mtim
/home/codio/workspace/hw6/hw6_tests/testing_utils/kwsys/kwsysPlatformTestsCXX.cxx:58:15: error: ‘struct stat’ has no member named ‘st_mtimespec’; did you mean ‘st_mtim’?
   (void)stat1.st_mtimespec.tv_nsec;
               ^~~~~~~~~~~~
               st_mtim
CMakeFiles/cmTC_4376f.dir/build.make:65: recipe for target 'CMakeFiles/cmTC_4376f.dir/kwsysPlatformTestsCXX.cxx.o' failed
make[1]: *** [CMakeFiles/cmTC_4376f.dir/kwsysPlatformTestsCXX.cxx.o] Error 1
make[1]: Leaving directory '/home/codio/workspace/hw6/hw6_tests/testing_utils/kwsys/CMakeFiles/CMakeTmp'
Makefile:126: recipe for target 'cmTC_4376f/fast' failed
make: *** [cmTC_4376f/fast] Error 2


